<?xml version="1.0" encoding="UTF-8"?>
<!-- Generated by org.testng.reporters.JUnitReportReporter -->
<testsuite skipped="0" hostname="Staff-PC" name="qaclickacadamy.mavenjava.ResrAPITest" tests="3" failures="0" timestamp="2021-02-09T15:16:21 IST" time="0.013" errors="0">
  <testcase name="restAPI" time="0.013" classname="qaclickacadamy.mavenjava.ResrAPITest"/>
  <system-out/>
  <testcase name="restAPI1" time="0.000" classname="qaclickacadamy.mavenjava.ResrAPITest"/>
  <system-out/>
  <testcase name="restAPI2" time="0.000" classname="qaclickacadamy.mavenjava.ResrAPITest"/>
  <system-out/>
</testsuite> <!-- qaclickacadamy.mavenjava.ResrAPITest -->
