<?xml version="1.0" encoding="UTF-8"?>
<!-- Generated by org.testng.reporters.JUnitReportReporter -->
<testsuite skipped="0" hostname="Staff-PC" name="qaclickacadamy.mavenjava.seleniumTest" tests="2" failures="0" timestamp="2021-02-09T15:16:21 IST" time="0.001" errors="0">
  <testcase name="test1" time="0.000" classname="qaclickacadamy.mavenjava.seleniumTest"/>
  <system-out/>
  <testcase name="test2" time="0.001" classname="qaclickacadamy.mavenjava.seleniumTest"/>
  <system-out/>
</testsuite> <!-- qaclickacadamy.mavenjava.seleniumTest -->
